Symlinking /home/albert/rosmini/devel/lib/pkgconfig/ros_wms.pc
Symlinking /home/albert/rosmini/devel/lib/python2.7/dist-packages/ros_wms/__init__.py
Symlinking /home/albert/rosmini/devel/lib/ros_wms/server
Symlinking /home/albert/rosmini/devel/share/ros_wms/cmake/ros_wms-msg-extras.cmake
Symlinking /home/albert/rosmini/devel/share/ros_wms/cmake/ros_wmsConfig.cmake
Symlinking /home/albert/rosmini/devel/share/ros_wms/cmake/ros_wms-msg-paths.cmake
Symlinking /home/albert/rosmini/devel/share/ros_wms/cmake/ros_wmsConfig-version.cmake
Cleaning: (/home/bbejczy/rosmini/devel/.private/ros_wms/share/roseus/ros/ros_wms/manifest.l, /home/bbejczy/rosmini/devel/share/roseus/ros/ros_wms/manifest.l)
Cleaning: (/home/bbejczy/rosmini/devel/.private/ros_wms/share/ros_wms/cmake/ros_wms-msg-extras.cmake, /home/bbejczy/rosmini/devel/share/ros_wms/cmake/ros_wms-msg-extras.cmake)
Cleaning: (/home/bbejczy/rosmini/devel/.private/ros_wms/share/ros_wms/cmake/ros_wms-msg-paths.cmake, /home/bbejczy/rosmini/devel/share/ros_wms/cmake/ros_wms-msg-paths.cmake)
Cleaning: (/home/bbejczy/rosmini/devel/.private/ros_wms/share/ros_wms/cmake/ros_wmsConfig.cmake, /home/bbejczy/rosmini/devel/share/ros_wms/cmake/ros_wmsConfig.cmake)
Cleaning: (/home/bbejczy/rosmini/devel/.private/ros_wms/share/ros_wms/cmake/ros_wmsConfig-version.cmake, /home/bbejczy/rosmini/devel/share/ros_wms/cmake/ros_wmsConfig-version.cmake)
Cleaning: (/home/bbejczy/rosmini/devel/.private/ros_wms/lib/python2.7/dist-packages/ros_wms/__init__.py, /home/bbejczy/rosmini/devel/lib/python2.7/dist-packages/ros_wms/__init__.py)
Cleaning: (/home/bbejczy/rosmini/devel/.private/ros_wms/lib/pkgconfig/ros_wms.pc, /home/bbejczy/rosmini/devel/lib/pkgconfig/ros_wms.pc)
Unlinking: /home/bbejczy/rosmini/devel/share/roseus/ros/ros_wms/manifest.l
Already unlinked: {}
Unlinking: /home/bbejczy/rosmini/devel/share/ros_wms/cmake/ros_wms-msg-extras.cmake
Already unlinked: {}
Unlinking: /home/bbejczy/rosmini/devel/share/ros_wms/cmake/ros_wms-msg-paths.cmake
Already unlinked: {}
Unlinking: /home/bbejczy/rosmini/devel/share/ros_wms/cmake/ros_wmsConfig.cmake
Already unlinked: {}
Unlinking: /home/bbejczy/rosmini/devel/share/ros_wms/cmake/ros_wmsConfig-version.cmake
Already unlinked: {}
Unlinking: /home/bbejczy/rosmini/devel/lib/python2.7/dist-packages/ros_wms/__init__.py
Already unlinked: {}
Unlinking: /home/bbejczy/rosmini/devel/lib/pkgconfig/ros_wms.pc
Already unlinked: {}
